<?xml version="1.0" encoding="UTF-8" ?>
<testsuite tests="3" failures="1" name="main.BinarySearchTest" time="0.083" errors="0" skipped="0">
  <properties>
[...]
</properties>
  <testcase classname="main.BinarySearchTest" name="main.BinarySearchTest.testSearch" time="0.005"/>
  <testcase classname="main.BinarySearchTest" name="main.BinarySearchTest.testSearchError" time="0.077">
    <failure message="expected: &lt;-1&gt; but was: &lt;4&gt;" type="org.opentest4j.AssertionFailedError">org.opentest4j.AssertionFailedError: expected: &lt;-1&gt; but was: &lt;4&gt;
	at org.junit.jupiter.api.AssertionUtils.fail(AssertionUtils.java:55)
	at org.junit.jupiter.api.AssertionUtils.failNotEqual(AssertionUtils.java:62)
	at org.junit.jupiter.api.AssertEquals.assertEquals(AssertEquals.java:150)
	at org.junit.jupiter.api.AssertEquals.assertEquals(AssertEquals.java:145)
	at org.junit.jupiter.api.Assertions.assertEquals(Assertions.java:510)
	at main.BinarySearchTest.testSearchError(BinarySearchTest.java:32)
</failure>
    <system-out>search
</system-out>
  </testcase>
  <testcase classname="main.BinarySearchTest" name="main.BinarySearchTest.testSearchNotFound" time="0.001"/>
</testsuite>